<?xml version="1.0" encoding="UTF-8"?>
<!-- Generated by org.testng.reporters.JUnitReportReporter -->
<testsuite hostname="DESKTOP-S4FF1A9" failures="0" tests="3" name="TestNGDemo.GroupingDemo" time="0.030" errors="0" timestamp="2024-04-06T20:49:51 IST" skipped="0">
  <testcase classname="TestNGDemo.GroupingDemo" name="loginByfacebook" time="0.015"/>
  <system-out/>
  <testcase classname="TestNGDemo.GroupingDemo" name="loginBytwitter" time="0.007"/>
  <system-out/>
  <testcase classname="TestNGDemo.GroupingDemo" name="paymentinrupees" time="0.008"/>
  <system-out/>
</testsuite> <!-- TestNGDemo.GroupingDemo -->
