<?xml version="1.0" encoding="UTF-8"?>
<!-- Generated by org.testng.reporters.JUnitReportReporter -->
<testsuite hostname="DESKTOP-S4FF1A9" failures="0" tests="2" name="TestNGDemo.ParllelTesting" time="0.143" errors="0" timestamp="2024-04-07T22:47:13 IST" skipped="0">
  <testcase classname="TestNGDemo.ParllelTesting" name="testLogo" time="0.125"/>
  <system-out/>
  <testcase classname="TestNGDemo.ParllelTesting" name="testHomePage" time="0.018"/>
  <system-out/>
</testsuite> <!-- TestNGDemo.ParllelTesting -->
