<?xml version="1.0" encoding="UTF-8"?>
<!-- Generated by org.testng.reporters.JUnitReportReporter -->
<testsuite hostname="DESKTOP-S4FF1A9" failures="0" tests="1" name="TestNGDemo.FirstTest" time="1.871" errors="0" timestamp="2024-03-28T21:17:26 IST" skipped="0">
  <testcase classname="TestNGDemo.FirstTest" name="login" time="1.871"/>
  <system-out/>
</testsuite> <!-- TestNGDemo.FirstTest -->
