<?xml version="1.0" encoding="UTF-8"?>
<!-- Generated by org.testng.reporters.JUnitReportReporter -->
<testsuite hostname="DESKTOP-S4FF1A9" failures="0" tests="5" name="com.BankingAutomation.testCases.TC_LoginTest_DDT" time="68.181" errors="0" timestamp="2023-09-10T19:55:02 IST" skipped="0">
  <testcase classname="com.BankingAutomation.testCases.TC_LoginTest_DDT" name="loginDDT" time="15.042"/>
  <system-out/>
  <testcase classname="com.BankingAutomation.testCases.TC_LoginTest_DDT" name="loginDDT" time="12.404"/>
  <system-out/>
  <testcase classname="com.BankingAutomation.testCases.TC_LoginTest_DDT" name="loginDDT" time="13.877"/>
  <system-out/>
  <testcase classname="com.BankingAutomation.testCases.TC_LoginTest_DDT" name="loginDDT" time="14.237"/>
  <system-out/>
  <testcase classname="com.BankingAutomation.testCases.TC_LoginTest_DDT" name="loginDDT" time="12.621"/>
  <system-out/>
</testsuite> <!-- com.BankingAutomation.testCases.TC_LoginTest_DDT -->
