<?xml version="1.0" encoding="UTF-8"?>
<!-- Generated by org.testng.reporters.JUnitReportReporter -->
<testsuite hostname="DESKTOP-S4FF1A9" failures="0" tests="1" name="com.BankingAutomation.testCases.TC_AddCustomerTest" time="32.905" errors="0" timestamp="2023-09-10T19:55:02 IST" skipped="0">
  <testcase classname="com.BankingAutomation.testCases.TC_AddCustomerTest" name="addCustomer" time="32.905"/>
  <system-out/>
</testsuite> <!-- com.BankingAutomation.testCases.TC_AddCustomerTest -->
