<?xml version="1.0" encoding="UTF-8"?>
<!-- Generated by org.testng.reporters.JUnitReportReporter -->
<testsuite hostname="DESKTOP-S4FF1A9" failures="0" tests="10" name="TestNGDemo.InvocationCountDemo" time="0.117" errors="0" timestamp="2024-04-07T21:57:51 IST" skipped="0">
  <testcase classname="TestNGDemo.InvocationCountDemo" name="TestMethod" time="0.005"/>
  <system-out/>
  <testcase classname="TestNGDemo.InvocationCountDemo" name="TestMethod" time="0.004"/>
  <system-out/>
  <testcase classname="TestNGDemo.InvocationCountDemo" name="TestMethod" time="0.008"/>
  <system-out/>
  <testcase classname="TestNGDemo.InvocationCountDemo" name="TestMethod" time="0.019"/>
  <system-out/>
  <testcase classname="TestNGDemo.InvocationCountDemo" name="TestMethod" time="0.009"/>
  <system-out/>
  <testcase classname="TestNGDemo.InvocationCountDemo" name="TestMethod" time="0.008"/>
  <system-out/>
  <testcase classname="TestNGDemo.InvocationCountDemo" name="TestMethod" time="0.013"/>
  <system-out/>
  <testcase classname="TestNGDemo.InvocationCountDemo" name="TestMethod" time="0.032"/>
  <system-out/>
  <testcase classname="TestNGDemo.InvocationCountDemo" name="TestMethod" time="0.002"/>
  <system-out/>
  <testcase classname="TestNGDemo.InvocationCountDemo" name="TestMethod" time="0.017"/>
  <system-out/>
</testsuite> <!-- TestNGDemo.InvocationCountDemo -->
