<?xml version="1.0" encoding="UTF-8"?>
<!-- Generated by org.testng.reporters.JUnitReportReporter -->
<testsuite hostname="DESKTOP-S4FF1A9" failures="0" tests="6" name="TestNGDemo.GroupingDemoTest" time="0.040" errors="0" timestamp="2024-04-06T21:21:36 IST" skipped="0">
  <testcase classname="TestNGDemo.GroupingDemoTest" name="loginbyEmail" time="0.023"/>
  <system-out/>
  <testcase classname="TestNGDemo.GroupingDemoTest" name="signupbyemail" time="0.004"/>
  <system-out/>
  <testcase classname="TestNGDemo.GroupingDemoTest" name="signupbyfacebook" time="0.003"/>
  <system-out/>
  <testcase classname="TestNGDemo.GroupingDemoTest" name="signupbytwitter" time="0.003"/>
  <system-out/>
  <testcase classname="TestNGDemo.GroupingDemoTest" name="paymentindollar" time="0.002"/>
  <system-out/>
  <testcase classname="TestNGDemo.GroupingDemoTest" name="paymentReturnbyBank" time="0.005"/>
  <system-out/>
</testsuite> <!-- TestNGDemo.GroupingDemoTest -->
