<?xml version="1.0" encoding="UTF-8"?>
<!-- Generated by org.testng.reporters.JUnitReportReporter -->
<testsuite hostname="DESKTOP-S4FF1A9" failures="0" tests="1" name="TestNGDemo.AssertionDemo" time="0.024" errors="0" timestamp="2024-04-05T20:51:27 IST" skipped="0">
  <testcase classname="TestNGDemo.AssertionDemo" name="soft_assert" time="0.024"/>
  <system-out/>
</testsuite> <!-- TestNGDemo.AssertionDemo -->
