<?xml version="1.0" encoding="UTF-8"?>
<!-- Generated by org.testng.reporters.JUnitReportReporter -->
<testsuite hostname="DESKTOP-S4FF1A9" failures="0" tests="1" name="com.BankingAutomation.testCases.TableDataDynamic" time="31.747" errors="0" timestamp="2023-09-30T22:20:25 IST" skipped="0">
  <testcase classname="com.BankingAutomation.testCases.TableDataDynamic" name="VerifyTable" time="31.747"/>
  <system-out/>
</testsuite> <!-- com.BankingAutomation.testCases.TableDataDynamic -->
