<?xml version="1.0" encoding="UTF-8"?>
<!-- Generated by org.testng.reporters.JUnitReportReporter -->
<testsuite hostname="DESKTOP-S4FF1A9" failures="0" tests="5" name="com.BankingAutomation.testCases.TC_LoginTest_DDT" time="69.815" errors="0" timestamp="2023-09-10T20:58:06 IST" skipped="0">
  <testcase classname="com.BankingAutomation.testCases.TC_LoginTest_DDT" name="loginDDT" time="16.057"/>
  <system-out/>
  <testcase classname="com.BankingAutomation.testCases.TC_LoginTest_DDT" name="loginDDT" time="13.493"/>
  <system-out/>
  <testcase classname="com.BankingAutomation.testCases.TC_LoginTest_DDT" name="loginDDT" time="12.402"/>
  <system-out/>
  <testcase classname="com.BankingAutomation.testCases.TC_LoginTest_DDT" name="loginDDT" time="13.892"/>
  <system-out/>
  <testcase classname="com.BankingAutomation.testCases.TC_LoginTest_DDT" name="loginDDT" time="13.971"/>
  <system-out/>
</testsuite> <!-- com.BankingAutomation.testCases.TC_LoginTest_DDT -->
