<?xml version="1.0" encoding="UTF-8"?>
<!-- Generated by org.testng.reporters.JUnitReportReporter -->
<testsuite hostname="DESKTOP-S4FF1A9" failures="0" tests="1" name="com.BankingAutomation.testCases.TC_loginTest001" time="4.948" errors="0" timestamp="2023-09-10T20:58:06 IST" skipped="0">
  <testcase classname="com.BankingAutomation.testCases.TC_loginTest001" name="loginTest" time="4.948"/>
  <system-out/>
</testsuite> <!-- com.BankingAutomation.testCases.TC_loginTest001 -->
